[0.019s] Invoking command in '/home/ninad/ros2_pcl_segmentation/build/pcl_human_segmentation': CMAKE_PREFIX_PATH=/opt/ros/humble /usr/bin/cmake /home/ninad/ros2_pcl_segmentation/pcl_human_segmentation -DAMENT_CMAKE_SYMLINK_INSTALL=1 -DCMAKE_INSTALL_PREFIX=/home/ninad/ros2_pcl_segmentation/install/pcl_human_segmentation
[0.306s] -- The C compiler identification is GNU 11.4.0
[0.945s] -- The CXX compiler identification is GNU 11.4.0
[1.644s] -- Detecting C compiler ABI info
[1.818s] -- Detecting C compiler ABI info - done
[1.822s] -- Check for working C compiler: /usr/bin/cc - skipped
[1.822s] -- Detecting C compile features
[1.823s] -- Detecting C compile features - done
[1.824s] -- Detecting CXX compiler ABI info
[2.011s] -- Detecting CXX compiler ABI info - done
[2.016s] -- Check for working CXX compiler: /usr/bin/c++ - skipped
[2.016s] -- Detecting CXX compile features
[2.016s] -- Detecting CXX compile features - done
[2.018s] -- Found ament_cmake: 1.3.12 (/opt/ros/humble/share/ament_cmake/cmake)
[2.110s] -- Found Python3: /usr/bin/python3 (found version "3.10.12") found components: Interpreter 
[2.151s] -- Override CMake install command with custom implementation using symlinks instead of copying resources
[2.169s] -- Found ament_lint_auto: 0.12.14 (/opt/ros/humble/share/ament_lint_auto/cmake)
[2.232s] -- Added test 'lint_cmake' to check CMake code style
[2.234s] -- Added test 'xmllint' to check XML markup files
[2.235s] -- Configuring done
[2.238s] -- Generating done
[2.239s] -- Build files have been written to: /home/ninad/ros2_pcl_segmentation/build/pcl_human_segmentation
[2.243s] Invoked command in '/home/ninad/ros2_pcl_segmentation/build/pcl_human_segmentation' returned '0': CMAKE_PREFIX_PATH=/opt/ros/humble /usr/bin/cmake /home/ninad/ros2_pcl_segmentation/pcl_human_segmentation -DAMENT_CMAKE_SYMLINK_INSTALL=1 -DCMAKE_INSTALL_PREFIX=/home/ninad/ros2_pcl_segmentation/install/pcl_human_segmentation
[2.244s] Invoking command in '/home/ninad/ros2_pcl_segmentation/build/pcl_human_segmentation': CMAKE_PREFIX_PATH=/opt/ros/humble /usr/bin/cmake --build /home/ninad/ros2_pcl_segmentation/build/pcl_human_segmentation -- -j20 -l20
[2.265s] Invoked command in '/home/ninad/ros2_pcl_segmentation/build/pcl_human_segmentation' returned '0': CMAKE_PREFIX_PATH=/opt/ros/humble /usr/bin/cmake --build /home/ninad/ros2_pcl_segmentation/build/pcl_human_segmentation -- -j20 -l20
[2.271s] Invoking command in '/home/ninad/ros2_pcl_segmentation/build/pcl_human_segmentation': CMAKE_PREFIX_PATH=/opt/ros/humble /usr/bin/cmake --install /home/ninad/ros2_pcl_segmentation/build/pcl_human_segmentation
[2.275s] -- Install configuration: ""
[2.275s] -- Execute custom install script
[2.276s] -- Symlinking: /home/ninad/ros2_pcl_segmentation/install/pcl_human_segmentation/share/ament_index/resource_index/package_run_dependencies/pcl_human_segmentation
[2.282s] -- Symlinking: /home/ninad/ros2_pcl_segmentation/install/pcl_human_segmentation/share/ament_index/resource_index/parent_prefix_path/pcl_human_segmentation
[2.287s] -- Symlinking: /home/ninad/ros2_pcl_segmentation/install/pcl_human_segmentation/share/pcl_human_segmentation/environment/ament_prefix_path.sh
[2.291s] -- Symlinking: /home/ninad/ros2_pcl_segmentation/install/pcl_human_segmentation/share/pcl_human_segmentation/environment/ament_prefix_path.dsv
[2.295s] -- Symlinking: /home/ninad/ros2_pcl_segmentation/install/pcl_human_segmentation/share/pcl_human_segmentation/environment/path.sh
[2.299s] -- Symlinking: /home/ninad/ros2_pcl_segmentation/install/pcl_human_segmentation/share/pcl_human_segmentation/environment/path.dsv
[2.304s] -- Symlinking: /home/ninad/ros2_pcl_segmentation/install/pcl_human_segmentation/share/pcl_human_segmentation/local_setup.bash
[2.308s] -- Symlinking: /home/ninad/ros2_pcl_segmentation/install/pcl_human_segmentation/share/pcl_human_segmentation/local_setup.sh
[2.312s] -- Symlinking: /home/ninad/ros2_pcl_segmentation/install/pcl_human_segmentation/share/pcl_human_segmentation/local_setup.zsh
[2.316s] -- Symlinking: /home/ninad/ros2_pcl_segmentation/install/pcl_human_segmentation/share/pcl_human_segmentation/local_setup.dsv
[2.321s] -- Symlinking: /home/ninad/ros2_pcl_segmentation/install/pcl_human_segmentation/share/pcl_human_segmentation/package.dsv
[2.325s] -- Symlinking: /home/ninad/ros2_pcl_segmentation/install/pcl_human_segmentation/share/ament_index/resource_index/packages/pcl_human_segmentation
[2.330s] -- Symlinking: /home/ninad/ros2_pcl_segmentation/install/pcl_human_segmentation/share/pcl_human_segmentation/cmake/pcl_human_segmentationConfig.cmake
[2.334s] -- Symlinking: /home/ninad/ros2_pcl_segmentation/install/pcl_human_segmentation/share/pcl_human_segmentation/cmake/pcl_human_segmentationConfig-version.cmake
[2.339s] -- Symlinking: /home/ninad/ros2_pcl_segmentation/install/pcl_human_segmentation/share/pcl_human_segmentation/package.xml
[2.345s] Invoked command in '/home/ninad/ros2_pcl_segmentation/build/pcl_human_segmentation' returned '0': CMAKE_PREFIX_PATH=/opt/ros/humble /usr/bin/cmake --install /home/ninad/ros2_pcl_segmentation/build/pcl_human_segmentation
