[0.018s] Invoking command in '/home/ninad/ros2_pcl_segmentation/build/pcl_ground_segmentation': CMAKE_PREFIX_PATH=/opt/ros/humble /usr/bin/cmake /home/ninad/ros2_pcl_segmentation/pcl_ground_segmentation -DAMENT_CMAKE_SYMLINK_INSTALL=1 -DCMAKE_INSTALL_PREFIX=/home/ninad/ros2_pcl_segmentation/install/pcl_ground_segmentation
[0.309s] -- The C compiler identification is GNU 11.4.0
[1.084s] -- The CXX compiler identification is GNU 11.4.0
[1.689s] -- Detecting C compiler ABI info
[1.867s] -- Detecting C compiler ABI info - done
[1.872s] -- Check for working C compiler: /usr/bin/cc - skipped
[1.872s] -- Detecting C compile features
[1.872s] -- Detecting C compile features - done
[1.874s] -- Detecting CXX compiler ABI info
[2.070s] -- Detecting CXX compiler ABI info - done
[2.075s] -- Check for working CXX compiler: /usr/bin/c++ - skipped
[2.075s] -- Detecting CXX compile features
[2.075s] -- Detecting CXX compile features - done
[2.077s] -- Found ament_cmake: 1.3.12 (/opt/ros/humble/share/ament_cmake/cmake)
[2.170s] -- Found Python3: /usr/bin/python3 (found version "3.10.12") found components: Interpreter 
[2.211s] -- Override CMake install command with custom implementation using symlinks instead of copying resources
[2.235s] -- Checking for module 'eigen3'
[2.240s] --   Found eigen3, version 3.4.0
[2.255s] -- Found Eigen: /usr/include/eigen3 (Required is at least version "3.1") 
[2.255s] -- Eigen found (include: /usr/include/eigen3, version: 3.4.0)
[2.268s] -- Found Boost: /usr/lib/x86_64-linux-gnu/cmake/Boost-1.74.0/BoostConfig.cmake (found suitable version "1.74.0", minimum required is "1.65.0") found components: system filesystem date_time iostreams serialization 
[2.891s] -- Checking for module 'flann'
[2.898s] --   Found flann, version 1.9.1
[3.310s] -- Found FLANN: /usr/lib/x86_64-linux-gnu/libflann_cpp.so  
[3.311s] -- FLANN found (include: /usr/include, lib: /usr/lib/x86_64-linux-gnu/libflann_cpp.so)
[3.343s] -- Looking for pthread.h
[3.513s] -- Looking for pthread.h - found
[3.513s] -- Performing Test CMAKE_HAVE_LIBC_PTHREAD
[3.670s] -- Performing Test CMAKE_HAVE_LIBC_PTHREAD - Success
[3.671s] -- Found Threads: TRUE  
[3.672s] -- Found GLEW: /usr/lib/x86_64-linux-gnu/libGLEW.so  
[3.758s] -- Found OpenGL: /usr/lib/x86_64-linux-gnu/libOpenGL.so  found components: OpenGL GLX 
[3.978s] -- Found MPI_C: /usr/lib/x86_64-linux-gnu/libmpi.so (found version "3.1") 
[3.978s] -- Found MPI: TRUE (found version "3.1") found components: C 
[3.981s] -- Found JsonCpp: /usr/lib/x86_64-linux-gnu/libjsoncpp.so (found suitable version "1.9.5", minimum required is "0.7.0") 
[4.352s] -- Found ZLIB: /usr/lib/x86_64-linux-gnu/libz.so (found version "1.2.11") 
[4.927s] -- Found PNG: /usr/lib/x86_64-linux-gnu/libpng.so (found version "1.6.37") 
[4.944s] -- Found Eigen3: /usr/include/eigen3 (found version "3.4.0") 
[7.217s] -- Found X11: /usr/include   
[7.217s] -- Looking for XOpenDisplay in /usr/lib/x86_64-linux-gnu/libX11.so;/usr/lib/x86_64-linux-gnu/libXext.so
[7.466s] -- Looking for XOpenDisplay in /usr/lib/x86_64-linux-gnu/libX11.so;/usr/lib/x86_64-linux-gnu/libXext.so - found
[7.466s] -- Looking for gethostbyname
[7.681s] -- Looking for gethostbyname - found
[7.681s] -- Looking for connect
[7.881s] -- Looking for connect - found
[7.881s] -- Looking for remove
[8.077s] -- Looking for remove - found
[8.077s] -- Looking for shmat
[8.233s] -- Looking for shmat - found
[8.233s] -- Looking for IceConnectionNumber in ICE
[8.395s] -- Looking for IceConnectionNumber in ICE - found
[10.157s] -- Found EXPAT: /usr/lib/x86_64-linux-gnu/libexpat.so (found version "2.4.7") 
[10.158s] -- Found double-conversion: /usr/lib/x86_64-linux-gnu/libdouble-conversion.so  
[10.161s] -- Found LZ4: /usr/lib/x86_64-linux-gnu/liblz4.so (found version "1.9.3") 
[10.162s] -- Found LZMA: /usr/lib/x86_64-linux-gnu/liblzma.so (found version "5.2.5") 
[10.440s] -- Found JPEG: /usr/lib/x86_64-linux-gnu/libjpeg.so (found version "80") 
[10.601s] -- Found TIFF: /usr/lib/x86_64-linux-gnu/libtiff.so (found version "4.3.0")  
[10.605s] -- Found Freetype: /usr/lib/x86_64-linux-gnu/libfreetype.so (found version "2.11.1") 
[10.612s] -- Found utf8cpp: /usr/include/utf8cpp  
[10.677s] -- Checking for module 'libusb-1.0'
[10.683s] --   Found libusb-1.0, version 1.0.25
[10.819s] -- Found libusb: /usr/lib/x86_64-linux-gnu/libusb-1.0.so  
[10.823s] -- Found OpenNI: /usr/lib/libOpenNI.so;libusb::libusb (found version "1.5.4.0") 
[10.823s] -- OpenNI found (version: 1.5.4.0, include: /usr/include/ni, lib: /usr/lib/libOpenNI.so;libusb::libusb)
[11.085s] -- Found OpenNI2: /usr/lib/x86_64-linux-gnu/libOpenNI2.so;libusb::libusb (found version "2.2.0.33") 
[11.086s] -- OpenNI2 found (version: 2.2.0.33, include: /usr/include/openni2, lib: /usr/lib/x86_64-linux-gnu/libOpenNI2.so;libusb::libusb)
[11.086s] [0m** WARNING ** io features related to pcap will be disabled[0m
[14.390s] -- Eigen found (include: /usr/include/eigen3, version: 3.4.0)
[14.394s] -- OpenNI found (version: 1.5.4.0, include: /usr/include/ni, lib: /usr/lib/libOpenNI.so;libusb::libusb)
[14.397s] -- OpenNI2 found (version: 2.2.0.33, include: /usr/include/openni2, lib: /usr/lib/x86_64-linux-gnu/libOpenNI2.so;libusb::libusb)
[17.214s] -- Found Qhull version 8.0.2
[20.885s] -- OpenNI found (version: 1.5.4.0, include: /usr/include/ni, lib: /usr/lib/libOpenNI.so;libusb::libusb)
[24.494s] -- looking for PCL_COMMON
[24.495s] -- Found PCL_COMMON: /usr/lib/x86_64-linux-gnu/libpcl_common.so  
[24.495s] -- looking for PCL_KDTREE
[24.495s] -- Found PCL_KDTREE: /usr/lib/x86_64-linux-gnu/libpcl_kdtree.so  
[24.495s] -- looking for PCL_OCTREE
[24.496s] -- Found PCL_OCTREE: /usr/lib/x86_64-linux-gnu/libpcl_octree.so  
[24.496s] -- looking for PCL_SEARCH
[24.496s] -- Found PCL_SEARCH: /usr/lib/x86_64-linux-gnu/libpcl_search.so  
[24.496s] -- looking for PCL_SAMPLE_CONSENSUS
[24.497s] -- Found PCL_SAMPLE_CONSENSUS: /usr/lib/x86_64-linux-gnu/libpcl_sample_consensus.so  
[24.497s] -- looking for PCL_FILTERS
[24.497s] -- Found PCL_FILTERS: /usr/lib/x86_64-linux-gnu/libpcl_filters.so  
[24.498s] -- looking for PCL_2D
[24.498s] -- Found PCL_2D: /usr/include/pcl-1.12  
[24.498s] -- looking for PCL_GEOMETRY
[24.498s] -- Found PCL_GEOMETRY: /usr/include/pcl-1.12  
[24.498s] -- looking for PCL_IO
[24.499s] -- Found PCL_IO: /usr/lib/x86_64-linux-gnu/libpcl_io.so  
[24.499s] -- looking for PCL_FEATURES
[24.499s] -- Found PCL_FEATURES: /usr/lib/x86_64-linux-gnu/libpcl_features.so  
[24.499s] -- looking for PCL_ML
[24.500s] -- Found PCL_ML: /usr/lib/x86_64-linux-gnu/libpcl_ml.so  
[24.500s] -- looking for PCL_SEGMENTATION
[24.500s] -- Found PCL_SEGMENTATION: /usr/lib/x86_64-linux-gnu/libpcl_segmentation.so  
[24.501s] -- looking for PCL_VISUALIZATION
[24.501s] -- Found PCL_VISUALIZATION: /usr/lib/x86_64-linux-gnu/libpcl_visualization.so  
[24.501s] -- looking for PCL_SURFACE
[24.502s] -- Found PCL_SURFACE: /usr/lib/x86_64-linux-gnu/libpcl_surface.so  
[24.502s] -- looking for PCL_REGISTRATION
[24.502s] -- Found PCL_REGISTRATION: /usr/lib/x86_64-linux-gnu/libpcl_registration.so  
[24.503s] -- looking for PCL_KEYPOINTS
[24.503s] -- Found PCL_KEYPOINTS: /usr/lib/x86_64-linux-gnu/libpcl_keypoints.so  
[24.503s] -- looking for PCL_TRACKING
[24.504s] -- Found PCL_TRACKING: /usr/lib/x86_64-linux-gnu/libpcl_tracking.so  
[24.504s] -- looking for PCL_RECOGNITION
[24.504s] -- Found PCL_RECOGNITION: /usr/lib/x86_64-linux-gnu/libpcl_recognition.so  
[24.504s] -- looking for PCL_STEREO
[24.505s] -- Found PCL_STEREO: /usr/lib/x86_64-linux-gnu/libpcl_stereo.so  
[24.505s] -- looking for PCL_APPS
[24.506s] -- Found PCL_APPS: /usr/lib/x86_64-linux-gnu/libpcl_apps.so  
[24.506s] -- looking for PCL_IN_HAND_SCANNER
[24.506s] -- Found PCL_IN_HAND_SCANNER: /usr/include/pcl-1.12  
[24.506s] -- looking for PCL_MODELER
[24.506s] -- Found PCL_MODELER: /usr/include/pcl-1.12  
[24.506s] -- looking for PCL_POINT_CLOUD_EDITOR
[24.507s] -- Found PCL_POINT_CLOUD_EDITOR: /usr/include/pcl-1.12  
[24.507s] -- looking for PCL_OUTOFCORE
[24.507s] -- Found PCL_OUTOFCORE: /usr/lib/x86_64-linux-gnu/libpcl_outofcore.so  
[24.507s] -- looking for PCL_PEOPLE
[24.508s] -- Found PCL_PEOPLE: /usr/lib/x86_64-linux-gnu/libpcl_people.so  
[24.508s] -- Found PCL: pcl_common;pcl_kdtree;pcl_octree;pcl_search;pcl_sample_consensus;pcl_filters;pcl_io;pcl_features;pcl_ml;pcl_segmentation;pcl_visualization;pcl_surface;pcl_registration;pcl_keypoints;pcl_tracking;pcl_recognition;pcl_stereo;pcl_apps;pcl_outofcore;pcl_people;Boost::system;Boost::filesystem;Boost::date_time;Boost::iostreams;Boost::serialization;/usr/lib/libOpenNI.so;libusb::libusb;/usr/lib/x86_64-linux-gnu/libOpenNI2.so;libusb::libusb;VTK::ChartsCore;VTK::CommonColor;VTK::CommonComputationalGeometry;VTK::CommonCore;VTK::CommonDataModel;VTK::CommonExecutionModel;VTK::CommonMath;VTK::CommonMisc;VTK::CommonTransforms;VTK::FiltersCore;VTK::FiltersExtraction;VTK::FiltersGeneral;VTK::FiltersGeometry;VTK::FiltersModeling;VTK::FiltersSources;VTK::ImagingCore;VTK::ImagingSources;VTK::InteractionImage;VTK::InteractionStyle;VTK::InteractionWidgets;VTK::IOCore;VTK::IOGeometry;VTK::IOImage;VTK::IOLegacy;VTK::IOPLY;VTK::RenderingAnnotation;VTK::RenderingCore;VTK::RenderingContext2D;VTK::RenderingLOD;VTK::RenderingFreeType;VTK::ViewsCore;VTK::ViewsContext2D;VTK::RenderingOpenGL2;VTK::GUISupportQt;FLANN::FLANN;QHULL::QHULL  
[24.509s] -- Found rclcpp: 16.0.17 (/opt/ros/humble/share/rclcpp/cmake)
[24.608s] -- Found rosidl_generator_c: 3.1.8 (/opt/ros/humble/share/rosidl_generator_c/cmake)
[24.612s] -- Found rosidl_adapter: 3.1.8 (/opt/ros/humble/share/rosidl_adapter/cmake)
[24.622s] -- Found rosidl_generator_cpp: 3.1.8 (/opt/ros/humble/share/rosidl_generator_cpp/cmake)
[24.637s] -- Using all available rosidl_typesupport_c: rosidl_typesupport_fastrtps_c;rosidl_typesupport_introspection_c
[24.654s] -- Using all available rosidl_typesupport_cpp: rosidl_typesupport_fastrtps_cpp;rosidl_typesupport_introspection_cpp
[24.709s] -- Found rmw_implementation_cmake: 6.1.2 (/opt/ros/humble/share/rmw_implementation_cmake/cmake)
[24.713s] -- Found rmw_fastrtps_cpp: 6.2.9 (/opt/ros/humble/share/rmw_fastrtps_cpp/cmake)
[25.414s] -- Found OpenSSL: /usr/lib/x86_64-linux-gnu/libcrypto.so (found version "3.0.2")  
[26.397s] -- Found FastRTPS: /opt/ros/humble/include  
[27.977s] -- Using RMW implementation 'rmw_fastrtps_cpp' as default
[28.051s] -- Found sensor_msgs: 4.9.0 (/opt/ros/humble/share/sensor_msgs/cmake)
[28.086s] -- Found pcl_conversions: 2.4.5 (/opt/ros/humble/share/pcl_conversions/cmake)
[28.166s] -- Configuring done
[28.238s] -- Generating done
[28.244s] -- Build files have been written to: /home/ninad/ros2_pcl_segmentation/build/pcl_ground_segmentation
[28.259s] Invoked command in '/home/ninad/ros2_pcl_segmentation/build/pcl_ground_segmentation' returned '0': CMAKE_PREFIX_PATH=/opt/ros/humble /usr/bin/cmake /home/ninad/ros2_pcl_segmentation/pcl_ground_segmentation -DAMENT_CMAKE_SYMLINK_INSTALL=1 -DCMAKE_INSTALL_PREFIX=/home/ninad/ros2_pcl_segmentation/install/pcl_ground_segmentation
[28.261s] Invoking command in '/home/ninad/ros2_pcl_segmentation/build/pcl_ground_segmentation': CMAKE_PREFIX_PATH=/opt/ros/humble /usr/bin/cmake --build /home/ninad/ros2_pcl_segmentation/build/pcl_ground_segmentation -- -j20 -l20
[28.292s] [ 50%] [32mBuilding CXX object CMakeFiles/ground_segmentation.dir/src/ground_segmentation.cpp.o[0m
[38.556s] [100%] [32m[1mLinking CXX executable ground_segmentation[0m
[39.737s] [100%] Built target ground_segmentation
[39.752s] Invoked command in '/home/ninad/ros2_pcl_segmentation/build/pcl_ground_segmentation' returned '0': CMAKE_PREFIX_PATH=/opt/ros/humble /usr/bin/cmake --build /home/ninad/ros2_pcl_segmentation/build/pcl_ground_segmentation -- -j20 -l20
[39.754s] Invoking command in '/home/ninad/ros2_pcl_segmentation/build/pcl_ground_segmentation': CMAKE_PREFIX_PATH=/opt/ros/humble /usr/bin/cmake --install /home/ninad/ros2_pcl_segmentation/build/pcl_ground_segmentation
[39.757s] -- Install configuration: ""
[39.757s] -- Execute custom install script
[39.758s] -- Symlinking: /home/ninad/ros2_pcl_segmentation/install/pcl_ground_segmentation/lib/pcl_ground_segmentation/ground_segmentation
[39.764s] -- Symlinking: /home/ninad/ros2_pcl_segmentation/install/pcl_ground_segmentation/share/pcl_ground_segmentation/launch/bring_kitti.launch.py
[39.769s] -- Symlinking: /home/ninad/ros2_pcl_segmentation/install/pcl_ground_segmentation/share/pcl_ground_segmentation/launch/bring_rviz.launch.py
[39.774s] -- Symlinking: /home/ninad/ros2_pcl_segmentation/install/pcl_ground_segmentation/share/pcl_ground_segmentation/config/kitti_config.rviz
[39.779s] -- Symlinking: /home/ninad/ros2_pcl_segmentation/install/pcl_ground_segmentation/share/ament_index/resource_index/package_run_dependencies/pcl_ground_segmentation
[39.784s] -- Symlinking: /home/ninad/ros2_pcl_segmentation/install/pcl_ground_segmentation/share/ament_index/resource_index/parent_prefix_path/pcl_ground_segmentation
[39.788s] -- Symlinking: /home/ninad/ros2_pcl_segmentation/install/pcl_ground_segmentation/share/pcl_ground_segmentation/environment/ament_prefix_path.sh
[39.792s] -- Symlinking: /home/ninad/ros2_pcl_segmentation/install/pcl_ground_segmentation/share/pcl_ground_segmentation/environment/ament_prefix_path.dsv
[39.797s] -- Symlinking: /home/ninad/ros2_pcl_segmentation/install/pcl_ground_segmentation/share/pcl_ground_segmentation/environment/path.sh
[39.801s] -- Symlinking: /home/ninad/ros2_pcl_segmentation/install/pcl_ground_segmentation/share/pcl_ground_segmentation/environment/path.dsv
[39.806s] -- Symlinking: /home/ninad/ros2_pcl_segmentation/install/pcl_ground_segmentation/share/pcl_ground_segmentation/local_setup.bash
[39.811s] -- Symlinking: /home/ninad/ros2_pcl_segmentation/install/pcl_ground_segmentation/share/pcl_ground_segmentation/local_setup.sh
[39.816s] -- Symlinking: /home/ninad/ros2_pcl_segmentation/install/pcl_ground_segmentation/share/pcl_ground_segmentation/local_setup.zsh
[39.820s] -- Symlinking: /home/ninad/ros2_pcl_segmentation/install/pcl_ground_segmentation/share/pcl_ground_segmentation/local_setup.dsv
[39.825s] -- Symlinking: /home/ninad/ros2_pcl_segmentation/install/pcl_ground_segmentation/share/pcl_ground_segmentation/package.dsv
[39.829s] -- Symlinking: /home/ninad/ros2_pcl_segmentation/install/pcl_ground_segmentation/share/ament_index/resource_index/packages/pcl_ground_segmentation
[39.835s] -- Symlinking: /home/ninad/ros2_pcl_segmentation/install/pcl_ground_segmentation/share/pcl_ground_segmentation/cmake/pcl_ground_segmentationConfig.cmake
[39.840s] -- Symlinking: /home/ninad/ros2_pcl_segmentation/install/pcl_ground_segmentation/share/pcl_ground_segmentation/cmake/pcl_ground_segmentationConfig-version.cmake
[39.846s] -- Symlinking: /home/ninad/ros2_pcl_segmentation/install/pcl_ground_segmentation/share/pcl_ground_segmentation/package.xml
[39.853s] Invoked command in '/home/ninad/ros2_pcl_segmentation/build/pcl_ground_segmentation' returned '0': CMAKE_PREFIX_PATH=/opt/ros/humble /usr/bin/cmake --install /home/ninad/ros2_pcl_segmentation/build/pcl_ground_segmentation
