[0.795s] DEBUG:colcon:Command line arguments: ['/usr/bin/colcon', 'build', '--symlink-install']
[0.795s] DEBUG:colcon:Parsed command line arguments: Namespace(log_base=None, log_level=None, verb_name='build', build_base='build', install_base='install', merge_install=False, symlink_install=True, test_result_base=None, continue_on_error=False, executor='parallel', parallel_workers=20, event_handlers=None, ignore_user_meta=False, metas=['./colcon.meta'], base_paths=['.'], packages_ignore=None, packages_ignore_regex=None, paths=None, packages_up_to=None, packages_up_to_regex=None, packages_above=None, packages_above_and_dependencies=None, packages_above_depth=None, packages_select_by_dep=None, packages_skip_by_dep=None, packages_skip_up_to=None, packages_select_build_failed=False, packages_skip_build_finished=False, packages_select_test_failures=False, packages_skip_test_passed=False, packages_select=None, packages_skip=None, packages_select_regex=None, packages_skip_regex=None, packages_start=None, packages_end=None, allow_overriding=[], cmake_args=None, cmake_target=None, cmake_target_skip_unavailable=False, cmake_clean_cache=False, cmake_clean_first=False, cmake_force_configure=False, ament_cmake_args=None, catkin_cmake_args=None, catkin_skip_building_tests=False, verb_parser=<colcon_defaults.argument_parser.defaults.DefaultArgumentsDecorator object at 0x7f73bbdd04f0>, verb_extension=<colcon_core.verb.build.BuildVerb object at 0x7f73bbd97bb0>, main=<bound method BuildVerb.main of <colcon_core.verb.build.BuildVerb object at 0x7f73bbd97bb0>>)
[1.299s] Level 1:colcon.colcon_core.package_discovery:discover_packages(colcon_meta) check parameters
[1.299s] Level 1:colcon.colcon_core.package_discovery:discover_packages(recursive) check parameters
[1.299s] Level 1:colcon.colcon_core.package_discovery:discover_packages(ignore) check parameters
[1.299s] Level 1:colcon.colcon_core.package_discovery:discover_packages(path) check parameters
[1.299s] Level 1:colcon.colcon_core.package_discovery:discover_packages(colcon_meta) discover
[1.299s] Level 1:colcon.colcon_core.package_discovery:discover_packages(recursive) discover
[1.300s] INFO:colcon.colcon_core.package_discovery:Crawling recursively for packages in '/home/ninad/ros2_pcl_segmentation'
[1.300s] Level 1:colcon.colcon_core.package_identification:_identify(.) by extensions ['ignore', 'ignore_ament_install']
[1.300s] Level 1:colcon.colcon_core.package_identification:_identify(.) by extension 'ignore'
[1.300s] Level 1:colcon.colcon_core.package_identification:_identify(.) by extension 'ignore_ament_install'
[1.300s] Level 1:colcon.colcon_core.package_identification:_identify(.) by extensions ['colcon_pkg']
[1.300s] Level 1:colcon.colcon_core.package_identification:_identify(.) by extension 'colcon_pkg'
[1.300s] Level 1:colcon.colcon_core.package_identification:_identify(.) by extensions ['colcon_meta']
[1.300s] Level 1:colcon.colcon_core.package_identification:_identify(.) by extension 'colcon_meta'
[1.300s] Level 1:colcon.colcon_core.package_identification:_identify(.) by extensions ['ros']
[1.300s] Level 1:colcon.colcon_core.package_identification:_identify(.) by extension 'ros'
[1.324s] Level 1:colcon.colcon_core.package_identification:_identify(.) by extensions ['cmake', 'python']
[1.324s] Level 1:colcon.colcon_core.package_identification:_identify(.) by extension 'cmake'
[1.324s] Level 1:colcon.colcon_core.package_identification:_identify(.) by extension 'python'
[1.324s] Level 1:colcon.colcon_core.package_identification:_identify(.) by extensions ['python_setup_py']
[1.324s] Level 1:colcon.colcon_core.package_identification:_identify(.) by extension 'python_setup_py'
[1.324s] Level 1:colcon.colcon_core.package_identification:_identify(build) by extensions ['ignore', 'ignore_ament_install']
[1.325s] Level 1:colcon.colcon_core.package_identification:_identify(build) by extension 'ignore'
[1.325s] Level 1:colcon.colcon_core.package_identification:_identify(build) ignored
[1.325s] Level 1:colcon.colcon_core.package_identification:_identify(docker) by extensions ['ignore', 'ignore_ament_install']
[1.326s] Level 1:colcon.colcon_core.package_identification:_identify(docker) by extension 'ignore'
[1.326s] Level 1:colcon.colcon_core.package_identification:_identify(docker) by extension 'ignore_ament_install'
[1.326s] Level 1:colcon.colcon_core.package_identification:_identify(docker) by extensions ['colcon_pkg']
[1.326s] Level 1:colcon.colcon_core.package_identification:_identify(docker) by extension 'colcon_pkg'
[1.326s] Level 1:colcon.colcon_core.package_identification:_identify(docker) by extensions ['colcon_meta']
[1.326s] Level 1:colcon.colcon_core.package_identification:_identify(docker) by extension 'colcon_meta'
[1.326s] Level 1:colcon.colcon_core.package_identification:_identify(docker) by extensions ['ros']
[1.326s] Level 1:colcon.colcon_core.package_identification:_identify(docker) by extension 'ros'
[1.326s] Level 1:colcon.colcon_core.package_identification:_identify(docker) by extensions ['cmake', 'python']
[1.326s] Level 1:colcon.colcon_core.package_identification:_identify(docker) by extension 'cmake'
[1.326s] Level 1:colcon.colcon_core.package_identification:_identify(docker) by extension 'python'
[1.326s] Level 1:colcon.colcon_core.package_identification:_identify(docker) by extensions ['python_setup_py']
[1.326s] Level 1:colcon.colcon_core.package_identification:_identify(docker) by extension 'python_setup_py'
[1.327s] Level 1:colcon.colcon_core.package_identification:_identify(images) by extensions ['ignore', 'ignore_ament_install']
[1.328s] Level 1:colcon.colcon_core.package_identification:_identify(images) by extension 'ignore'
[1.328s] Level 1:colcon.colcon_core.package_identification:_identify(images) by extension 'ignore_ament_install'
[1.328s] Level 1:colcon.colcon_core.package_identification:_identify(images) by extensions ['colcon_pkg']
[1.328s] Level 1:colcon.colcon_core.package_identification:_identify(images) by extension 'colcon_pkg'
[1.328s] Level 1:colcon.colcon_core.package_identification:_identify(images) by extensions ['colcon_meta']
[1.328s] Level 1:colcon.colcon_core.package_identification:_identify(images) by extension 'colcon_meta'
[1.328s] Level 1:colcon.colcon_core.package_identification:_identify(images) by extensions ['ros']
[1.328s] Level 1:colcon.colcon_core.package_identification:_identify(images) by extension 'ros'
[1.328s] Level 1:colcon.colcon_core.package_identification:_identify(images) by extensions ['cmake', 'python']
[1.328s] Level 1:colcon.colcon_core.package_identification:_identify(images) by extension 'cmake'
[1.328s] Level 1:colcon.colcon_core.package_identification:_identify(images) by extension 'python'
[1.328s] Level 1:colcon.colcon_core.package_identification:_identify(images) by extensions ['python_setup_py']
[1.328s] Level 1:colcon.colcon_core.package_identification:_identify(images) by extension 'python_setup_py'
[1.328s] Level 1:colcon.colcon_core.package_identification:_identify(install) by extensions ['ignore', 'ignore_ament_install']
[1.328s] Level 1:colcon.colcon_core.package_identification:_identify(install) by extension 'ignore'
[1.328s] Level 1:colcon.colcon_core.package_identification:_identify(install) ignored
[1.329s] Level 1:colcon.colcon_core.package_identification:_identify(log) by extensions ['ignore', 'ignore_ament_install']
[1.329s] Level 1:colcon.colcon_core.package_identification:_identify(log) by extension 'ignore'
[1.329s] Level 1:colcon.colcon_core.package_identification:_identify(log) ignored
[1.329s] Level 1:colcon.colcon_core.package_identification:_identify(pcl_car_segmentation) by extensions ['ignore', 'ignore_ament_install']
[1.330s] Level 1:colcon.colcon_core.package_identification:_identify(pcl_car_segmentation) by extension 'ignore'
[1.330s] Level 1:colcon.colcon_core.package_identification:_identify(pcl_car_segmentation) by extension 'ignore_ament_install'
[1.330s] Level 1:colcon.colcon_core.package_identification:_identify(pcl_car_segmentation) by extensions ['colcon_pkg']
[1.330s] Level 1:colcon.colcon_core.package_identification:_identify(pcl_car_segmentation) by extension 'colcon_pkg'
[1.330s] Level 1:colcon.colcon_core.package_identification:_identify(pcl_car_segmentation) by extensions ['colcon_meta']
[1.330s] Level 1:colcon.colcon_core.package_identification:_identify(pcl_car_segmentation) by extension 'colcon_meta'
[1.330s] Level 1:colcon.colcon_core.package_identification:_identify(pcl_car_segmentation) by extensions ['ros']
[1.330s] Level 1:colcon.colcon_core.package_identification:_identify(pcl_car_segmentation) by extension 'ros'
[1.335s] DEBUG:colcon.colcon_core.package_identification:Package 'pcl_car_segmentation' with type 'ros.ament_cmake' and name 'pcl_car_segmentation'
[1.336s] Level 1:colcon.colcon_core.package_identification:_identify(pcl_ground_segmentation) by extensions ['ignore', 'ignore_ament_install']
[1.336s] Level 1:colcon.colcon_core.package_identification:_identify(pcl_ground_segmentation) by extension 'ignore'
[1.336s] Level 1:colcon.colcon_core.package_identification:_identify(pcl_ground_segmentation) by extension 'ignore_ament_install'
[1.337s] Level 1:colcon.colcon_core.package_identification:_identify(pcl_ground_segmentation) by extensions ['colcon_pkg']
[1.337s] Level 1:colcon.colcon_core.package_identification:_identify(pcl_ground_segmentation) by extension 'colcon_pkg'
[1.337s] Level 1:colcon.colcon_core.package_identification:_identify(pcl_ground_segmentation) by extensions ['colcon_meta']
[1.337s] Level 1:colcon.colcon_core.package_identification:_identify(pcl_ground_segmentation) by extension 'colcon_meta'
[1.337s] Level 1:colcon.colcon_core.package_identification:_identify(pcl_ground_segmentation) by extensions ['ros']
[1.337s] Level 1:colcon.colcon_core.package_identification:_identify(pcl_ground_segmentation) by extension 'ros'
[1.338s] DEBUG:colcon.colcon_core.package_identification:Package 'pcl_ground_segmentation' with type 'ros.ament_cmake' and name 'pcl_ground_segmentation'
[1.339s] Level 1:colcon.colcon_core.package_identification:_identify(pcl_human_segmentation) by extensions ['ignore', 'ignore_ament_install']
[1.339s] Level 1:colcon.colcon_core.package_identification:_identify(pcl_human_segmentation) by extension 'ignore'
[1.339s] Level 1:colcon.colcon_core.package_identification:_identify(pcl_human_segmentation) by extension 'ignore_ament_install'
[1.339s] Level 1:colcon.colcon_core.package_identification:_identify(pcl_human_segmentation) by extensions ['colcon_pkg']
[1.339s] Level 1:colcon.colcon_core.package_identification:_identify(pcl_human_segmentation) by extension 'colcon_pkg'
[1.339s] Level 1:colcon.colcon_core.package_identification:_identify(pcl_human_segmentation) by extensions ['colcon_meta']
[1.339s] Level 1:colcon.colcon_core.package_identification:_identify(pcl_human_segmentation) by extension 'colcon_meta'
[1.339s] Level 1:colcon.colcon_core.package_identification:_identify(pcl_human_segmentation) by extensions ['ros']
[1.339s] Level 1:colcon.colcon_core.package_identification:_identify(pcl_human_segmentation) by extension 'ros'
[1.340s] DEBUG:colcon.colcon_core.package_identification:Package 'pcl_human_segmentation' with type 'ros.ament_cmake' and name 'pcl_human_segmentation'
[1.340s] Level 1:colcon.colcon_core.package_discovery:discover_packages(recursive) using defaults
[1.341s] Level 1:colcon.colcon_core.package_discovery:discover_packages(ignore) discover
[1.341s] Level 1:colcon.colcon_core.package_discovery:discover_packages(ignore) using defaults
[1.341s] Level 1:colcon.colcon_core.package_discovery:discover_packages(path) discover
[1.341s] Level 1:colcon.colcon_core.package_discovery:discover_packages(path) using defaults
[1.400s] Level 1:colcon.colcon_core.package_discovery:discover_packages(prefix_path) check parameters
[1.400s] Level 1:colcon.colcon_core.package_discovery:discover_packages(prefix_path) discover
[1.414s] DEBUG:colcon.colcon_installed_package_information.package_discovery:Found 439 installed packages in /opt/ros/humble
[1.429s] Level 1:colcon.colcon_core.package_discovery:discover_packages(prefix_path) using defaults
[1.700s] Level 5:colcon.colcon_core.verb:set package 'pcl_car_segmentation' build argument 'cmake_args' from command line to 'None'
[1.700s] Level 5:colcon.colcon_core.verb:set package 'pcl_car_segmentation' build argument 'cmake_target' from command line to 'None'
[1.700s] Level 5:colcon.colcon_core.verb:set package 'pcl_car_segmentation' build argument 'cmake_target_skip_unavailable' from command line to 'False'
[1.700s] Level 5:colcon.colcon_core.verb:set package 'pcl_car_segmentation' build argument 'cmake_clean_cache' from command line to 'False'
[1.700s] Level 5:colcon.colcon_core.verb:set package 'pcl_car_segmentation' build argument 'cmake_clean_first' from command line to 'False'
[1.700s] Level 5:colcon.colcon_core.verb:set package 'pcl_car_segmentation' build argument 'cmake_force_configure' from command line to 'False'
[1.700s] Level 5:colcon.colcon_core.verb:set package 'pcl_car_segmentation' build argument 'ament_cmake_args' from command line to 'None'
[1.700s] Level 5:colcon.colcon_core.verb:set package 'pcl_car_segmentation' build argument 'catkin_cmake_args' from command line to 'None'
[1.700s] Level 5:colcon.colcon_core.verb:set package 'pcl_car_segmentation' build argument 'catkin_skip_building_tests' from command line to 'False'
[1.700s] DEBUG:colcon.colcon_core.verb:Building package 'pcl_car_segmentation' with the following arguments: {'ament_cmake_args': None, 'build_base': '/home/ninad/ros2_pcl_segmentation/build/pcl_car_segmentation', 'catkin_cmake_args': None, 'catkin_skip_building_tests': False, 'cmake_args': None, 'cmake_clean_cache': False, 'cmake_clean_first': False, 'cmake_force_configure': False, 'cmake_target': None, 'cmake_target_skip_unavailable': False, 'install_base': '/home/ninad/ros2_pcl_segmentation/install/pcl_car_segmentation', 'merge_install': False, 'path': '/home/ninad/ros2_pcl_segmentation/pcl_car_segmentation', 'symlink_install': True, 'test_result_base': None}
[1.700s] Level 5:colcon.colcon_core.verb:set package 'pcl_ground_segmentation' build argument 'cmake_args' from command line to 'None'
[1.700s] Level 5:colcon.colcon_core.verb:set package 'pcl_ground_segmentation' build argument 'cmake_target' from command line to 'None'
[1.700s] Level 5:colcon.colcon_core.verb:set package 'pcl_ground_segmentation' build argument 'cmake_target_skip_unavailable' from command line to 'False'
[1.700s] Level 5:colcon.colcon_core.verb:set package 'pcl_ground_segmentation' build argument 'cmake_clean_cache' from command line to 'False'
[1.700s] Level 5:colcon.colcon_core.verb:set package 'pcl_ground_segmentation' build argument 'cmake_clean_first' from command line to 'False'
[1.700s] Level 5:colcon.colcon_core.verb:set package 'pcl_ground_segmentation' build argument 'cmake_force_configure' from command line to 'False'
[1.700s] Level 5:colcon.colcon_core.verb:set package 'pcl_ground_segmentation' build argument 'ament_cmake_args' from command line to 'None'
[1.700s] Level 5:colcon.colcon_core.verb:set package 'pcl_ground_segmentation' build argument 'catkin_cmake_args' from command line to 'None'
[1.700s] Level 5:colcon.colcon_core.verb:set package 'pcl_ground_segmentation' build argument 'catkin_skip_building_tests' from command line to 'False'
[1.700s] DEBUG:colcon.colcon_core.verb:Building package 'pcl_ground_segmentation' with the following arguments: {'ament_cmake_args': None, 'build_base': '/home/ninad/ros2_pcl_segmentation/build/pcl_ground_segmentation', 'catkin_cmake_args': None, 'catkin_skip_building_tests': False, 'cmake_args': None, 'cmake_clean_cache': False, 'cmake_clean_first': False, 'cmake_force_configure': False, 'cmake_target': None, 'cmake_target_skip_unavailable': False, 'install_base': '/home/ninad/ros2_pcl_segmentation/install/pcl_ground_segmentation', 'merge_install': False, 'path': '/home/ninad/ros2_pcl_segmentation/pcl_ground_segmentation', 'symlink_install': True, 'test_result_base': None}
[1.701s] Level 5:colcon.colcon_core.verb:set package 'pcl_human_segmentation' build argument 'cmake_args' from command line to 'None'
[1.701s] Level 5:colcon.colcon_core.verb:set package 'pcl_human_segmentation' build argument 'cmake_target' from command line to 'None'
[1.701s] Level 5:colcon.colcon_core.verb:set package 'pcl_human_segmentation' build argument 'cmake_target_skip_unavailable' from command line to 'False'
[1.701s] Level 5:colcon.colcon_core.verb:set package 'pcl_human_segmentation' build argument 'cmake_clean_cache' from command line to 'False'
[1.701s] Level 5:colcon.colcon_core.verb:set package 'pcl_human_segmentation' build argument 'cmake_clean_first' from command line to 'False'
[1.701s] Level 5:colcon.colcon_core.verb:set package 'pcl_human_segmentation' build argument 'cmake_force_configure' from command line to 'False'
[1.701s] Level 5:colcon.colcon_core.verb:set package 'pcl_human_segmentation' build argument 'ament_cmake_args' from command line to 'None'
[1.701s] Level 5:colcon.colcon_core.verb:set package 'pcl_human_segmentation' build argument 'catkin_cmake_args' from command line to 'None'
[1.701s] Level 5:colcon.colcon_core.verb:set package 'pcl_human_segmentation' build argument 'catkin_skip_building_tests' from command line to 'False'
[1.701s] DEBUG:colcon.colcon_core.verb:Building package 'pcl_human_segmentation' with the following arguments: {'ament_cmake_args': None, 'build_base': '/home/ninad/ros2_pcl_segmentation/build/pcl_human_segmentation', 'catkin_cmake_args': None, 'catkin_skip_building_tests': False, 'cmake_args': None, 'cmake_clean_cache': False, 'cmake_clean_first': False, 'cmake_force_configure': False, 'cmake_target': None, 'cmake_target_skip_unavailable': False, 'install_base': '/home/ninad/ros2_pcl_segmentation/install/pcl_human_segmentation', 'merge_install': False, 'path': '/home/ninad/ros2_pcl_segmentation/pcl_human_segmentation', 'symlink_install': True, 'test_result_base': None}
[1.701s] INFO:colcon.colcon_core.executor:Executing jobs using 'parallel' executor
[1.704s] DEBUG:colcon.colcon_parallel_executor.executor.parallel:run_until_complete
[1.704s] INFO:colcon.colcon_ros.task.ament_cmake.build:Building ROS package in '/home/ninad/ros2_pcl_segmentation/pcl_car_segmentation' with build type 'ament_cmake'
[1.705s] INFO:colcon.colcon_cmake.task.cmake.build:Building CMake package in '/home/ninad/ros2_pcl_segmentation/pcl_car_segmentation'
[1.710s] INFO:colcon.colcon_core.plugin_system:Skipping extension 'colcon_core.shell.bat': Not used on non-Windows systems
[1.710s] INFO:colcon.colcon_core.shell:Skip shell extension 'powershell' for command environment: Not usable outside of PowerShell
[1.710s] DEBUG:colcon.colcon_core.shell:Skip shell extension 'dsv' for command environment
[1.714s] INFO:colcon.colcon_ros.task.ament_cmake.build:Building ROS package in '/home/ninad/ros2_pcl_segmentation/pcl_ground_segmentation' with build type 'ament_cmake'
[1.714s] INFO:colcon.colcon_cmake.task.cmake.build:Building CMake package in '/home/ninad/ros2_pcl_segmentation/pcl_ground_segmentation'
[1.714s] INFO:colcon.colcon_core.shell:Skip shell extension 'powershell' for command environment: Not usable outside of PowerShell
[1.714s] DEBUG:colcon.colcon_core.shell:Skip shell extension 'dsv' for command environment
[1.717s] INFO:colcon.colcon_ros.task.ament_cmake.build:Building ROS package in '/home/ninad/ros2_pcl_segmentation/pcl_human_segmentation' with build type 'ament_cmake'
[1.717s] INFO:colcon.colcon_cmake.task.cmake.build:Building CMake package in '/home/ninad/ros2_pcl_segmentation/pcl_human_segmentation'
[1.718s] INFO:colcon.colcon_core.shell:Skip shell extension 'powershell' for command environment: Not usable outside of PowerShell
[1.718s] DEBUG:colcon.colcon_core.shell:Skip shell extension 'dsv' for command environment
[1.727s] DEBUG:colcon.colcon_core.event_handler.log_command:Invoking command in '/home/ninad/ros2_pcl_segmentation/build/pcl_car_segmentation': CMAKE_PREFIX_PATH=/opt/ros/humble /usr/bin/cmake /home/ninad/ros2_pcl_segmentation/pcl_car_segmentation -DAMENT_CMAKE_SYMLINK_INSTALL=1 -DCMAKE_INSTALL_PREFIX=/home/ninad/ros2_pcl_segmentation/install/pcl_car_segmentation
[1.733s] DEBUG:colcon.colcon_core.event_handler.log_command:Invoking command in '/home/ninad/ros2_pcl_segmentation/build/pcl_ground_segmentation': CMAKE_PREFIX_PATH=/opt/ros/humble /usr/bin/cmake /home/ninad/ros2_pcl_segmentation/pcl_ground_segmentation -DAMENT_CMAKE_SYMLINK_INSTALL=1 -DCMAKE_INSTALL_PREFIX=/home/ninad/ros2_pcl_segmentation/install/pcl_ground_segmentation
[1.736s] DEBUG:colcon.colcon_core.event_handler.log_command:Invoking command in '/home/ninad/ros2_pcl_segmentation/build/pcl_human_segmentation': CMAKE_PREFIX_PATH=/opt/ros/humble /usr/bin/cmake /home/ninad/ros2_pcl_segmentation/pcl_human_segmentation -DAMENT_CMAKE_SYMLINK_INSTALL=1 -DCMAKE_INSTALL_PREFIX=/home/ninad/ros2_pcl_segmentation/install/pcl_human_segmentation
[3.960s] DEBUG:colcon.colcon_core.event_handler.log_command:Invoked command in '/home/ninad/ros2_pcl_segmentation/build/pcl_human_segmentation' returned '0': CMAKE_PREFIX_PATH=/opt/ros/humble /usr/bin/cmake /home/ninad/ros2_pcl_segmentation/pcl_human_segmentation -DAMENT_CMAKE_SYMLINK_INSTALL=1 -DCMAKE_INSTALL_PREFIX=/home/ninad/ros2_pcl_segmentation/install/pcl_human_segmentation
[3.961s] DEBUG:colcon.colcon_core.event_handler.log_command:Invoking command in '/home/ninad/ros2_pcl_segmentation/build/pcl_human_segmentation': CMAKE_PREFIX_PATH=/opt/ros/humble /usr/bin/cmake --build /home/ninad/ros2_pcl_segmentation/build/pcl_human_segmentation -- -j20 -l20
[3.982s] DEBUG:colcon.colcon_core.event_handler.log_command:Invoked command in '/home/ninad/ros2_pcl_segmentation/build/pcl_human_segmentation' returned '0': CMAKE_PREFIX_PATH=/opt/ros/humble /usr/bin/cmake --build /home/ninad/ros2_pcl_segmentation/build/pcl_human_segmentation -- -j20 -l20
[3.989s] DEBUG:colcon.colcon_core.event_handler.log_command:Invoking command in '/home/ninad/ros2_pcl_segmentation/build/pcl_human_segmentation': CMAKE_PREFIX_PATH=/opt/ros/humble /usr/bin/cmake --install /home/ninad/ros2_pcl_segmentation/build/pcl_human_segmentation
[4.062s] Level 1:colcon.colcon_core.environment:create_environment_scripts_only(pcl_human_segmentation)
[4.063s] DEBUG:colcon.colcon_core.event_handler.log_command:Invoked command in '/home/ninad/ros2_pcl_segmentation/build/pcl_human_segmentation' returned '0': CMAKE_PREFIX_PATH=/opt/ros/humble /usr/bin/cmake --install /home/ninad/ros2_pcl_segmentation/build/pcl_human_segmentation
[4.068s] Level 1:colcon.colcon_core.environment:checking '/home/ninad/ros2_pcl_segmentation/install/pcl_human_segmentation' for CMake module files
[4.069s] Level 1:colcon.colcon_core.environment:checking '/home/ninad/ros2_pcl_segmentation/install/pcl_human_segmentation' for CMake config files
[4.069s] Level 1:colcon.colcon_core.shell:create_environment_hook('pcl_human_segmentation', 'cmake_prefix_path')
[4.069s] INFO:colcon.colcon_core.shell:Creating environment hook '/home/ninad/ros2_pcl_segmentation/install/pcl_human_segmentation/share/pcl_human_segmentation/hook/cmake_prefix_path.ps1'
[4.070s] INFO:colcon.colcon_core.shell:Creating environment descriptor '/home/ninad/ros2_pcl_segmentation/install/pcl_human_segmentation/share/pcl_human_segmentation/hook/cmake_prefix_path.dsv'
[4.071s] INFO:colcon.colcon_core.shell:Creating environment hook '/home/ninad/ros2_pcl_segmentation/install/pcl_human_segmentation/share/pcl_human_segmentation/hook/cmake_prefix_path.sh'
[4.072s] Level 1:colcon.colcon_core.environment:checking '/home/ninad/ros2_pcl_segmentation/install/pcl_human_segmentation/bin'
[4.072s] Level 1:colcon.colcon_core.environment:checking '/home/ninad/ros2_pcl_segmentation/install/pcl_human_segmentation/lib/pkgconfig/pcl_human_segmentation.pc'
[4.072s] Level 1:colcon.colcon_core.environment:checking '/home/ninad/ros2_pcl_segmentation/install/pcl_human_segmentation/lib/python3.10/site-packages'
[4.072s] Level 1:colcon.colcon_core.environment:checking '/home/ninad/ros2_pcl_segmentation/install/pcl_human_segmentation/bin'
[4.072s] INFO:colcon.colcon_core.shell:Creating package script '/home/ninad/ros2_pcl_segmentation/install/pcl_human_segmentation/share/pcl_human_segmentation/package.ps1'
[4.073s] INFO:colcon.colcon_core.shell:Creating package descriptor '/home/ninad/ros2_pcl_segmentation/install/pcl_human_segmentation/share/pcl_human_segmentation/package.dsv'
[4.073s] INFO:colcon.colcon_core.shell:Creating package script '/home/ninad/ros2_pcl_segmentation/install/pcl_human_segmentation/share/pcl_human_segmentation/package.sh'
[4.074s] INFO:colcon.colcon_core.shell:Creating package script '/home/ninad/ros2_pcl_segmentation/install/pcl_human_segmentation/share/pcl_human_segmentation/package.bash'
[4.075s] INFO:colcon.colcon_core.shell:Creating package script '/home/ninad/ros2_pcl_segmentation/install/pcl_human_segmentation/share/pcl_human_segmentation/package.zsh'
[4.075s] Level 1:colcon.colcon_core.environment:create_file_with_runtime_dependencies(/home/ninad/ros2_pcl_segmentation/install/pcl_human_segmentation/share/colcon-core/packages/pcl_human_segmentation)
[4.076s] Level 1:colcon.colcon_core.environment:create_environment_scripts_only(pcl_human_segmentation)
[4.076s] Level 1:colcon.colcon_core.environment:checking '/home/ninad/ros2_pcl_segmentation/install/pcl_human_segmentation' for CMake module files
[4.076s] Level 1:colcon.colcon_core.environment:checking '/home/ninad/ros2_pcl_segmentation/install/pcl_human_segmentation' for CMake config files
[4.076s] Level 1:colcon.colcon_core.shell:create_environment_hook('pcl_human_segmentation', 'cmake_prefix_path')
[4.076s] INFO:colcon.colcon_core.shell:Creating environment hook '/home/ninad/ros2_pcl_segmentation/install/pcl_human_segmentation/share/pcl_human_segmentation/hook/cmake_prefix_path.ps1'
[4.077s] INFO:colcon.colcon_core.shell:Creating environment descriptor '/home/ninad/ros2_pcl_segmentation/install/pcl_human_segmentation/share/pcl_human_segmentation/hook/cmake_prefix_path.dsv'
[4.077s] INFO:colcon.colcon_core.shell:Creating environment hook '/home/ninad/ros2_pcl_segmentation/install/pcl_human_segmentation/share/pcl_human_segmentation/hook/cmake_prefix_path.sh'
[4.077s] Level 1:colcon.colcon_core.environment:checking '/home/ninad/ros2_pcl_segmentation/install/pcl_human_segmentation/bin'
[4.077s] Level 1:colcon.colcon_core.environment:checking '/home/ninad/ros2_pcl_segmentation/install/pcl_human_segmentation/lib/pkgconfig/pcl_human_segmentation.pc'
[4.077s] Level 1:colcon.colcon_core.environment:checking '/home/ninad/ros2_pcl_segmentation/install/pcl_human_segmentation/lib/python3.10/site-packages'
[4.078s] Level 1:colcon.colcon_core.environment:checking '/home/ninad/ros2_pcl_segmentation/install/pcl_human_segmentation/bin'
[4.078s] INFO:colcon.colcon_core.shell:Creating package script '/home/ninad/ros2_pcl_segmentation/install/pcl_human_segmentation/share/pcl_human_segmentation/package.ps1'
[4.078s] INFO:colcon.colcon_core.shell:Creating package descriptor '/home/ninad/ros2_pcl_segmentation/install/pcl_human_segmentation/share/pcl_human_segmentation/package.dsv'
[4.079s] INFO:colcon.colcon_core.shell:Creating package script '/home/ninad/ros2_pcl_segmentation/install/pcl_human_segmentation/share/pcl_human_segmentation/package.sh'
[4.079s] INFO:colcon.colcon_core.shell:Creating package script '/home/ninad/ros2_pcl_segmentation/install/pcl_human_segmentation/share/pcl_human_segmentation/package.bash'
[4.079s] INFO:colcon.colcon_core.shell:Creating package script '/home/ninad/ros2_pcl_segmentation/install/pcl_human_segmentation/share/pcl_human_segmentation/package.zsh'
[4.079s] Level 1:colcon.colcon_core.environment:create_file_with_runtime_dependencies(/home/ninad/ros2_pcl_segmentation/install/pcl_human_segmentation/share/colcon-core/packages/pcl_human_segmentation)
[28.095s] DEBUG:colcon.colcon_core.event_handler.log_command:Invoked command in '/home/ninad/ros2_pcl_segmentation/build/pcl_ground_segmentation' returned '0': CMAKE_PREFIX_PATH=/opt/ros/humble /usr/bin/cmake /home/ninad/ros2_pcl_segmentation/pcl_ground_segmentation -DAMENT_CMAKE_SYMLINK_INSTALL=1 -DCMAKE_INSTALL_PREFIX=/home/ninad/ros2_pcl_segmentation/install/pcl_ground_segmentation
[28.097s] DEBUG:colcon.colcon_core.event_handler.log_command:Invoking command in '/home/ninad/ros2_pcl_segmentation/build/pcl_ground_segmentation': CMAKE_PREFIX_PATH=/opt/ros/humble /usr/bin/cmake --build /home/ninad/ros2_pcl_segmentation/build/pcl_ground_segmentation -- -j20 -l20
[28.110s] DEBUG:colcon.colcon_core.event_handler.log_command:Invoked command in '/home/ninad/ros2_pcl_segmentation/build/pcl_car_segmentation' returned '0': CMAKE_PREFIX_PATH=/opt/ros/humble /usr/bin/cmake /home/ninad/ros2_pcl_segmentation/pcl_car_segmentation -DAMENT_CMAKE_SYMLINK_INSTALL=1 -DCMAKE_INSTALL_PREFIX=/home/ninad/ros2_pcl_segmentation/install/pcl_car_segmentation
[28.111s] DEBUG:colcon.colcon_core.event_handler.log_command:Invoking command in '/home/ninad/ros2_pcl_segmentation/build/pcl_car_segmentation': CMAKE_PREFIX_PATH=/opt/ros/humble /usr/bin/cmake --build /home/ninad/ros2_pcl_segmentation/build/pcl_car_segmentation -- -j20 -l20
[37.718s] DEBUG:colcon.colcon_core.event_handler.log_command:Invoked command in '/home/ninad/ros2_pcl_segmentation/build/pcl_ground_segmentation' returned '0': CMAKE_PREFIX_PATH=/opt/ros/humble /usr/bin/cmake --build /home/ninad/ros2_pcl_segmentation/build/pcl_ground_segmentation -- -j20 -l20
[37.719s] DEBUG:colcon.colcon_core.event_handler.log_command:Invoking command in '/home/ninad/ros2_pcl_segmentation/build/pcl_ground_segmentation': CMAKE_PREFIX_PATH=/opt/ros/humble /usr/bin/cmake --install /home/ninad/ros2_pcl_segmentation/build/pcl_ground_segmentation
[37.818s] Level 1:colcon.colcon_core.environment:create_environment_scripts_only(pcl_ground_segmentation)
[37.819s] Level 1:colcon.colcon_core.environment:checking '/home/ninad/ros2_pcl_segmentation/install/pcl_ground_segmentation' for CMake module files
[37.819s] DEBUG:colcon.colcon_core.event_handler.log_command:Invoked command in '/home/ninad/ros2_pcl_segmentation/build/pcl_ground_segmentation' returned '0': CMAKE_PREFIX_PATH=/opt/ros/humble /usr/bin/cmake --install /home/ninad/ros2_pcl_segmentation/build/pcl_ground_segmentation
[37.819s] Level 1:colcon.colcon_core.environment:checking '/home/ninad/ros2_pcl_segmentation/install/pcl_ground_segmentation' for CMake config files
[37.820s] Level 1:colcon.colcon_core.shell:create_environment_hook('pcl_ground_segmentation', 'cmake_prefix_path')
[37.820s] INFO:colcon.colcon_core.shell:Creating environment hook '/home/ninad/ros2_pcl_segmentation/install/pcl_ground_segmentation/share/pcl_ground_segmentation/hook/cmake_prefix_path.ps1'
[37.820s] INFO:colcon.colcon_core.shell:Creating environment descriptor '/home/ninad/ros2_pcl_segmentation/install/pcl_ground_segmentation/share/pcl_ground_segmentation/hook/cmake_prefix_path.dsv'
[37.820s] INFO:colcon.colcon_core.shell:Creating environment hook '/home/ninad/ros2_pcl_segmentation/install/pcl_ground_segmentation/share/pcl_ground_segmentation/hook/cmake_prefix_path.sh'
[37.821s] Level 1:colcon.colcon_core.environment:checking '/home/ninad/ros2_pcl_segmentation/install/pcl_ground_segmentation/lib'
[37.821s] Level 1:colcon.colcon_core.environment:checking '/home/ninad/ros2_pcl_segmentation/install/pcl_ground_segmentation/bin'
[37.821s] Level 1:colcon.colcon_core.environment:checking '/home/ninad/ros2_pcl_segmentation/install/pcl_ground_segmentation/lib/pkgconfig/pcl_ground_segmentation.pc'
[37.821s] Level 1:colcon.colcon_core.environment:checking '/home/ninad/ros2_pcl_segmentation/install/pcl_ground_segmentation/lib/python3.10/site-packages'
[37.821s] Level 1:colcon.colcon_core.environment:checking '/home/ninad/ros2_pcl_segmentation/install/pcl_ground_segmentation/bin'
[37.821s] INFO:colcon.colcon_core.shell:Creating package script '/home/ninad/ros2_pcl_segmentation/install/pcl_ground_segmentation/share/pcl_ground_segmentation/package.ps1'
[37.822s] INFO:colcon.colcon_core.shell:Creating package descriptor '/home/ninad/ros2_pcl_segmentation/install/pcl_ground_segmentation/share/pcl_ground_segmentation/package.dsv'
[37.822s] INFO:colcon.colcon_core.shell:Creating package script '/home/ninad/ros2_pcl_segmentation/install/pcl_ground_segmentation/share/pcl_ground_segmentation/package.sh'
[37.822s] INFO:colcon.colcon_core.shell:Creating package script '/home/ninad/ros2_pcl_segmentation/install/pcl_ground_segmentation/share/pcl_ground_segmentation/package.bash'
[37.822s] INFO:colcon.colcon_core.shell:Creating package script '/home/ninad/ros2_pcl_segmentation/install/pcl_ground_segmentation/share/pcl_ground_segmentation/package.zsh'
[37.823s] Level 1:colcon.colcon_core.environment:create_file_with_runtime_dependencies(/home/ninad/ros2_pcl_segmentation/install/pcl_ground_segmentation/share/colcon-core/packages/pcl_ground_segmentation)
[37.823s] Level 1:colcon.colcon_core.environment:create_environment_scripts_only(pcl_ground_segmentation)
[37.823s] Level 1:colcon.colcon_core.environment:checking '/home/ninad/ros2_pcl_segmentation/install/pcl_ground_segmentation' for CMake module files
[37.823s] Level 1:colcon.colcon_core.environment:checking '/home/ninad/ros2_pcl_segmentation/install/pcl_ground_segmentation' for CMake config files
[37.823s] Level 1:colcon.colcon_core.shell:create_environment_hook('pcl_ground_segmentation', 'cmake_prefix_path')
[37.824s] INFO:colcon.colcon_core.shell:Creating environment hook '/home/ninad/ros2_pcl_segmentation/install/pcl_ground_segmentation/share/pcl_ground_segmentation/hook/cmake_prefix_path.ps1'
[37.824s] INFO:colcon.colcon_core.shell:Creating environment descriptor '/home/ninad/ros2_pcl_segmentation/install/pcl_ground_segmentation/share/pcl_ground_segmentation/hook/cmake_prefix_path.dsv'
[37.824s] INFO:colcon.colcon_core.shell:Creating environment hook '/home/ninad/ros2_pcl_segmentation/install/pcl_ground_segmentation/share/pcl_ground_segmentation/hook/cmake_prefix_path.sh'
[37.824s] Level 1:colcon.colcon_core.environment:checking '/home/ninad/ros2_pcl_segmentation/install/pcl_ground_segmentation/lib'
[37.824s] Level 1:colcon.colcon_core.environment:checking '/home/ninad/ros2_pcl_segmentation/install/pcl_ground_segmentation/bin'
[37.824s] Level 1:colcon.colcon_core.environment:checking '/home/ninad/ros2_pcl_segmentation/install/pcl_ground_segmentation/lib/pkgconfig/pcl_ground_segmentation.pc'
[37.825s] Level 1:colcon.colcon_core.environment:checking '/home/ninad/ros2_pcl_segmentation/install/pcl_ground_segmentation/lib/python3.10/site-packages'
[37.825s] Level 1:colcon.colcon_core.environment:checking '/home/ninad/ros2_pcl_segmentation/install/pcl_ground_segmentation/bin'
[37.825s] INFO:colcon.colcon_core.shell:Creating package script '/home/ninad/ros2_pcl_segmentation/install/pcl_ground_segmentation/share/pcl_ground_segmentation/package.ps1'
[37.825s] INFO:colcon.colcon_core.shell:Creating package descriptor '/home/ninad/ros2_pcl_segmentation/install/pcl_ground_segmentation/share/pcl_ground_segmentation/package.dsv'
[37.826s] INFO:colcon.colcon_core.shell:Creating package script '/home/ninad/ros2_pcl_segmentation/install/pcl_ground_segmentation/share/pcl_ground_segmentation/package.sh'
[37.826s] INFO:colcon.colcon_core.shell:Creating package script '/home/ninad/ros2_pcl_segmentation/install/pcl_ground_segmentation/share/pcl_ground_segmentation/package.bash'
[37.826s] INFO:colcon.colcon_core.shell:Creating package script '/home/ninad/ros2_pcl_segmentation/install/pcl_ground_segmentation/share/pcl_ground_segmentation/package.zsh'
[37.826s] Level 1:colcon.colcon_core.environment:create_file_with_runtime_dependencies(/home/ninad/ros2_pcl_segmentation/install/pcl_ground_segmentation/share/colcon-core/packages/pcl_ground_segmentation)
[38.258s] DEBUG:colcon.colcon_core.event_handler.log_command:Invoked command in '/home/ninad/ros2_pcl_segmentation/build/pcl_car_segmentation' returned '0': CMAKE_PREFIX_PATH=/opt/ros/humble /usr/bin/cmake --build /home/ninad/ros2_pcl_segmentation/build/pcl_car_segmentation -- -j20 -l20
[38.259s] DEBUG:colcon.colcon_core.event_handler.log_command:Invoking command in '/home/ninad/ros2_pcl_segmentation/build/pcl_car_segmentation': CMAKE_PREFIX_PATH=/opt/ros/humble /usr/bin/cmake --install /home/ninad/ros2_pcl_segmentation/build/pcl_car_segmentation
[38.348s] Level 1:colcon.colcon_core.environment:create_environment_scripts_only(pcl_car_segmentation)
[38.349s] Level 1:colcon.colcon_core.environment:checking '/home/ninad/ros2_pcl_segmentation/install/pcl_car_segmentation' for CMake module files
[38.349s] DEBUG:colcon.colcon_core.event_handler.log_command:Invoked command in '/home/ninad/ros2_pcl_segmentation/build/pcl_car_segmentation' returned '0': CMAKE_PREFIX_PATH=/opt/ros/humble /usr/bin/cmake --install /home/ninad/ros2_pcl_segmentation/build/pcl_car_segmentation
[38.350s] Level 1:colcon.colcon_core.environment:checking '/home/ninad/ros2_pcl_segmentation/install/pcl_car_segmentation' for CMake config files
[38.350s] Level 1:colcon.colcon_core.shell:create_environment_hook('pcl_car_segmentation', 'cmake_prefix_path')
[38.350s] INFO:colcon.colcon_core.shell:Creating environment hook '/home/ninad/ros2_pcl_segmentation/install/pcl_car_segmentation/share/pcl_car_segmentation/hook/cmake_prefix_path.ps1'
[38.350s] INFO:colcon.colcon_core.shell:Creating environment descriptor '/home/ninad/ros2_pcl_segmentation/install/pcl_car_segmentation/share/pcl_car_segmentation/hook/cmake_prefix_path.dsv'
[38.351s] INFO:colcon.colcon_core.shell:Creating environment hook '/home/ninad/ros2_pcl_segmentation/install/pcl_car_segmentation/share/pcl_car_segmentation/hook/cmake_prefix_path.sh'
[38.351s] Level 1:colcon.colcon_core.environment:checking '/home/ninad/ros2_pcl_segmentation/install/pcl_car_segmentation/lib'
[38.351s] Level 1:colcon.colcon_core.environment:checking '/home/ninad/ros2_pcl_segmentation/install/pcl_car_segmentation/bin'
[38.351s] Level 1:colcon.colcon_core.environment:checking '/home/ninad/ros2_pcl_segmentation/install/pcl_car_segmentation/lib/pkgconfig/pcl_car_segmentation.pc'
[38.351s] Level 1:colcon.colcon_core.environment:checking '/home/ninad/ros2_pcl_segmentation/install/pcl_car_segmentation/lib/python3.10/site-packages'
[38.351s] Level 1:colcon.colcon_core.environment:checking '/home/ninad/ros2_pcl_segmentation/install/pcl_car_segmentation/bin'
[38.352s] INFO:colcon.colcon_core.shell:Creating package script '/home/ninad/ros2_pcl_segmentation/install/pcl_car_segmentation/share/pcl_car_segmentation/package.ps1'
[38.352s] INFO:colcon.colcon_core.shell:Creating package descriptor '/home/ninad/ros2_pcl_segmentation/install/pcl_car_segmentation/share/pcl_car_segmentation/package.dsv'
[38.352s] INFO:colcon.colcon_core.shell:Creating package script '/home/ninad/ros2_pcl_segmentation/install/pcl_car_segmentation/share/pcl_car_segmentation/package.sh'
[38.352s] INFO:colcon.colcon_core.shell:Creating package script '/home/ninad/ros2_pcl_segmentation/install/pcl_car_segmentation/share/pcl_car_segmentation/package.bash'
[38.352s] INFO:colcon.colcon_core.shell:Creating package script '/home/ninad/ros2_pcl_segmentation/install/pcl_car_segmentation/share/pcl_car_segmentation/package.zsh'
[38.353s] Level 1:colcon.colcon_core.environment:create_file_with_runtime_dependencies(/home/ninad/ros2_pcl_segmentation/install/pcl_car_segmentation/share/colcon-core/packages/pcl_car_segmentation)
[38.353s] Level 1:colcon.colcon_core.environment:create_environment_scripts_only(pcl_car_segmentation)
[38.353s] Level 1:colcon.colcon_core.environment:checking '/home/ninad/ros2_pcl_segmentation/install/pcl_car_segmentation' for CMake module files
[38.353s] Level 1:colcon.colcon_core.environment:checking '/home/ninad/ros2_pcl_segmentation/install/pcl_car_segmentation' for CMake config files
[38.354s] Level 1:colcon.colcon_core.shell:create_environment_hook('pcl_car_segmentation', 'cmake_prefix_path')
[38.354s] INFO:colcon.colcon_core.shell:Creating environment hook '/home/ninad/ros2_pcl_segmentation/install/pcl_car_segmentation/share/pcl_car_segmentation/hook/cmake_prefix_path.ps1'
[38.354s] INFO:colcon.colcon_core.shell:Creating environment descriptor '/home/ninad/ros2_pcl_segmentation/install/pcl_car_segmentation/share/pcl_car_segmentation/hook/cmake_prefix_path.dsv'
[38.354s] INFO:colcon.colcon_core.shell:Creating environment hook '/home/ninad/ros2_pcl_segmentation/install/pcl_car_segmentation/share/pcl_car_segmentation/hook/cmake_prefix_path.sh'
[38.354s] Level 1:colcon.colcon_core.environment:checking '/home/ninad/ros2_pcl_segmentation/install/pcl_car_segmentation/lib'
[38.354s] Level 1:colcon.colcon_core.environment:checking '/home/ninad/ros2_pcl_segmentation/install/pcl_car_segmentation/bin'
[38.354s] Level 1:colcon.colcon_core.environment:checking '/home/ninad/ros2_pcl_segmentation/install/pcl_car_segmentation/lib/pkgconfig/pcl_car_segmentation.pc'
[38.355s] Level 1:colcon.colcon_core.environment:checking '/home/ninad/ros2_pcl_segmentation/install/pcl_car_segmentation/lib/python3.10/site-packages'
[38.355s] Level 1:colcon.colcon_core.environment:checking '/home/ninad/ros2_pcl_segmentation/install/pcl_car_segmentation/bin'
[38.355s] INFO:colcon.colcon_core.shell:Creating package script '/home/ninad/ros2_pcl_segmentation/install/pcl_car_segmentation/share/pcl_car_segmentation/package.ps1'
[38.355s] INFO:colcon.colcon_core.shell:Creating package descriptor '/home/ninad/ros2_pcl_segmentation/install/pcl_car_segmentation/share/pcl_car_segmentation/package.dsv'
[38.355s] INFO:colcon.colcon_core.shell:Creating package script '/home/ninad/ros2_pcl_segmentation/install/pcl_car_segmentation/share/pcl_car_segmentation/package.sh'
[38.356s] INFO:colcon.colcon_core.shell:Creating package script '/home/ninad/ros2_pcl_segmentation/install/pcl_car_segmentation/share/pcl_car_segmentation/package.bash'
[38.356s] INFO:colcon.colcon_core.shell:Creating package script '/home/ninad/ros2_pcl_segmentation/install/pcl_car_segmentation/share/pcl_car_segmentation/package.zsh'
[38.356s] Level 1:colcon.colcon_core.environment:create_file_with_runtime_dependencies(/home/ninad/ros2_pcl_segmentation/install/pcl_car_segmentation/share/colcon-core/packages/pcl_car_segmentation)
[38.356s] DEBUG:colcon.colcon_parallel_executor.executor.parallel:closing loop
[38.357s] DEBUG:colcon.colcon_parallel_executor.executor.parallel:loop closed
[38.357s] DEBUG:colcon.colcon_parallel_executor.executor.parallel:run_until_complete finished with '0'
[38.357s] DEBUG:colcon.colcon_core.event_reactor:joining thread
[38.529s] INFO:colcon.colcon_core.plugin_system:Skipping extension 'colcon_notification.desktop_notification.notify_send': Could not find 'notify-send'
[38.529s] INFO:colcon.colcon_core.plugin_system:Skipping extension 'colcon_notification.desktop_notification.terminal_notifier': Not used on non-Darwin systems
[38.529s] INFO:colcon.colcon_core.plugin_system:Skipping extension 'colcon_notification.desktop_notification.win32': Not used on non-Windows systems
[38.529s] INFO:colcon.colcon_notification.desktop_notification:Sending desktop notification using 'notify2'
[38.553s] DEBUG:colcon.colcon_notification.desktop_notification.notify2:Failed to initialize notify2: org.freedesktop.DBus.Error.ServiceUnknown: The name org.freedesktop.Notifications was not provided by any .service files
[38.553s] DEBUG:colcon.colcon_core.event_reactor:joined thread
[38.554s] INFO:colcon.colcon_core.shell:Creating prefix script '/home/ninad/ros2_pcl_segmentation/install/local_setup.ps1'
[38.557s] INFO:colcon.colcon_core.shell:Creating prefix util module '/home/ninad/ros2_pcl_segmentation/install/_local_setup_util_ps1.py'
[38.560s] INFO:colcon.colcon_core.shell:Creating prefix chain script '/home/ninad/ros2_pcl_segmentation/install/setup.ps1'
[38.562s] INFO:colcon.colcon_core.shell:Creating prefix script '/home/ninad/ros2_pcl_segmentation/install/local_setup.sh'
[38.564s] INFO:colcon.colcon_core.shell:Creating prefix util module '/home/ninad/ros2_pcl_segmentation/install/_local_setup_util_sh.py'
[38.565s] INFO:colcon.colcon_core.shell:Creating prefix chain script '/home/ninad/ros2_pcl_segmentation/install/setup.sh'
[38.566s] INFO:colcon.colcon_core.shell:Creating prefix script '/home/ninad/ros2_pcl_segmentation/install/local_setup.bash'
[38.568s] INFO:colcon.colcon_core.shell:Creating prefix chain script '/home/ninad/ros2_pcl_segmentation/install/setup.bash'
[38.570s] INFO:colcon.colcon_core.shell:Creating prefix script '/home/ninad/ros2_pcl_segmentation/install/local_setup.zsh'
[38.571s] INFO:colcon.colcon_core.shell:Creating prefix chain script '/home/ninad/ros2_pcl_segmentation/install/setup.zsh'
